<?xml version="1.0" encoding="utf-8"?>
<TestRun id="78617397-f88c-4f45-9def-807ed22a84ec" name="@MacBook-Pro-cua-Le 2022-03-03 21:24:28" xmlns="http://microsoft.com/schemas/VisualStudio/TeamTest/2010">
  <Times creation="2022-03-03T21:24:28.0295810+07:00" queuing="2022-03-03T21:24:28.0295820+07:00" start="2022-03-03T21:24:24.4858470+07:00" finish="2022-03-03T21:24:29.0058510+07:00" />
  <TestSettings name="default" id="b77e8ce3-606f-4049-90ef-8e50f60d9f9c">
    <Deployment runDeploymentRoot="_MacBook-Pro-cua-Le_2022-03-03_21_24_28" />
  </TestSettings>
  <Results>
    <UnitTestResult executionId="ddc8e9bc-dd2e-46e5-850c-0abcdd69bc23" testId="ecd46f7e-7391-3cfc-144b-11a97fb20011" testName="TC_001" computerName="MacBook-Pro-cua-Le" duration="00:00:01.6759120" startTime="2022-03-03T21:24:27.0000000+07:00" endTime="2022-03-03T21:24:28.0000000+07:00" testType="13cdc9d9-ddb5-4fa4-a97d-d965ccfc6d4b" outcome="Passed" testListId="8c84fa94-04c1-424b-9868-57a2d4851a1d" relativeResultsDirectory="ddc8e9bc-dd2e-46e5-850c-0abcdd69bc23">
      <Output>
        <StdOut>Connection refused Connection refused
Connection refused Connection refused
Connection refused Connection refused
Connection refused Connection refused
Connection refused Connection refused
Connection refused Connection refused
Connection refused Connection refused
Connection refused Connection refused
Browser not specified, setting up for Chrome
done</StdOut>
      </Output>
    </UnitTestResult>
    <UnitTestResult executionId="8ed453e9-21ae-4880-9814-17d6a2e7c2f7" testId="2d96c406-20c3-1d5c-5312-ff67b564c2df" testName="TC_002" computerName="MacBook-Pro-cua-Le" duration="00:00:02.0329740" startTime="2022-03-03T21:24:25.0000000+07:00" endTime="2022-03-03T21:24:27.0000000+07:00" testType="13cdc9d9-ddb5-4fa4-a97d-d965ccfc6d4b" outcome="Passed" testListId="8c84fa94-04c1-424b-9868-57a2d4851a1d" relativeResultsDirectory="8ed453e9-21ae-4880-9814-17d6a2e7c2f7">
      <Output>
        <StdOut>Connection refused Connection refused
Connection refused Connection refused
Browser not specified, setting up for Chrome</StdOut>
      </Output>
    </UnitTestResult>
  </Results>
  <TestDefinitions>
    <UnitTest name="TC_001" storage="/users/dee/projects/si-automated-tests/si-automated-tests/bin/debug/netcoreapp3.1/si-automated-tests.dll" id="ecd46f7e-7391-3cfc-144b-11a97fb20011">
      <Execution id="ddc8e9bc-dd2e-46e5-850c-0abcdd69bc23" />
      <TestMethod codeBase="/Users/dee/Projects/si-automated-tests/si-automated-tests/bin/Debug/netcoreapp3.1/si-automated-tests.dll" adapterTypeName="executor://nunit3testexecutor/" className="si_automated_tests.Source.Test.LoginTests" name="TC_001" />
    </UnitTest>
    <UnitTest name="TC_002" storage="/users/dee/projects/si-automated-tests/si-automated-tests/bin/debug/netcoreapp3.1/si-automated-tests.dll" id="2d96c406-20c3-1d5c-5312-ff67b564c2df">
      <Execution id="8ed453e9-21ae-4880-9814-17d6a2e7c2f7" />
      <TestMethod codeBase="/Users/dee/Projects/si-automated-tests/si-automated-tests/bin/Debug/netcoreapp3.1/si-automated-tests.dll" adapterTypeName="executor://nunit3testexecutor/" className="si_automated_tests.Source.Test.CreateUserTests" name="TC_002" />
    </UnitTest>
  </TestDefinitions>
  <TestEntries>
    <TestEntry testId="ecd46f7e-7391-3cfc-144b-11a97fb20011" executionId="ddc8e9bc-dd2e-46e5-850c-0abcdd69bc23" testListId="8c84fa94-04c1-424b-9868-57a2d4851a1d" />
    <TestEntry testId="2d96c406-20c3-1d5c-5312-ff67b564c2df" executionId="8ed453e9-21ae-4880-9814-17d6a2e7c2f7" testListId="8c84fa94-04c1-424b-9868-57a2d4851a1d" />
  </TestEntries>
  <TestLists>
    <TestList name="Results Not in a List" id="8c84fa94-04c1-424b-9868-57a2d4851a1d" />
    <TestList name="All Loaded Results" id="19431567-8539-422a-85d7-44ee4e166bda" />
  </TestLists>
  <ResultSummary outcome="Completed">
    <Counters total="2" executed="2" passed="2" failed="0" error="0" timeout="0" aborted="0" inconclusive="0" passedButRunAborted="0" notRunnable="0" notExecuted="0" disconnected="0" warning="0" completed="0" inProgress="0" pending="0" />
    <Output>
      <StdOut>NUnit Adapter 3.16.1.0: Test execution started
Running all tests in /Users/dee/Projects/si-automated-tests/si-automated-tests/bin/Debug/netcoreapp3.1/si-automated-tests.dll
   NUnit3TestExecutor converted 2 of 2 NUnit test cases
NUnit Adapter 3.16.1.0: Test execution complete
</StdOut>
    </Output>
  </ResultSummary>
</TestRun>